/usr/sbin/mysqld, Version: 8.0.30-0ubuntu0.22.04.1 ((Ubuntu)). started with:
Tcp port: 3306  Unix socket: /var/run/mysqld/mysqld.sock
Time                 Id Command    Argument
# Time: 2022-10-22T06:20:54.947255Z
# User@Host: debian-sys-maint[debian-sys-maint] @ localhost []  Id:     8
# Query_time: 0.000008  Lock_time: 0.000000 Rows_sent: 0  Rows_examined: 0
SET timestamp=1666419654;
# administrator command: Ping;
# Time: 2022-10-22T06:20:54.947404Z
# User@Host: debian-sys-maint[debian-sys-maint] @ localhost []  Id:     8
# Query_time: 0.000004  Lock_time: 0.000000 Rows_sent: 0  Rows_examined: 0
SET timestamp=1666419654;
# administrator command: Quit;
# Time: 2022-10-22T06:20:54.993880Z
# User@Host: debian-sys-maint[debian-sys-maint] @ localhost []  Id:     9
# Query_time: 0.000006  Lock_time: 0.000000 Rows_sent: 0  Rows_examined: 0
SET timestamp=1666419654;
# administrator command: Ping;
# Time: 2022-10-22T06:20:54.993962Z
# User@Host: debian-sys-maint[debian-sys-maint] @ localhost []  Id:     9
# Query_time: 0.000001  Lock_time: 0.000000 Rows_sent: 0  Rows_examined: 0
SET timestamp=1666419654;
# administrator command: Quit;
# Time: 2022-10-22T06:20:55.119117Z
# User@Host: root[root] @ localhost []  Id:    10
# Query_time: 0.017270  Lock_time: 0.000000 Rows_sent: 1  Rows_examined: 1
SET timestamp=1666419655;
select @@version_comment limit 1;
# Time: 2022-10-22T06:20:55.123688Z
# User@Host: root[root] @ localhost []  Id:    10
# Query_time: 0.004401  Lock_time: 0.000004 Rows_sent: 0  Rows_examined: 0
SET timestamp=1666419655;
CREATE DATABASE users;
# Time: 2022-10-22T06:20:55.123753Z
# User@Host: root[root] @ localhost []  Id:    10
# Query_time: 0.000002  Lock_time: 0.000000 Rows_sent: 0  Rows_examined: 0
SET timestamp=1666419655;
# administrator command: Quit;
# Time: 2022-10-22T06:20:55.139896Z
# User@Host: root[root] @ localhost []  Id:    11
# Query_time: 0.000120  Lock_time: 0.000000 Rows_sent: 1  Rows_examined: 1
use users;
SET timestamp=1666419655;
select @@version_comment limit 1;
# Time: 2022-10-22T06:20:55.140275Z
# User@Host: root[root] @ localhost []  Id:    11
# Query_time: 0.000096  Lock_time: 0.000000 Rows_sent: 0  Rows_examined: 0
SET timestamp=1666419655;
/*!40101 SET @OLD_CHARACTER_SET_CLIENT=@@CHARACTER_SET_CLIENT */;
# Time: 2022-10-22T06:20:55.140362Z
# User@Host: root[root] @ localhost []  Id:    11
# Query_time: 0.000050  Lock_time: 0.000000 Rows_sent: 0  Rows_examined: 0
SET timestamp=1666419655;
/*!40101 SET @OLD_CHARACTER_SET_RESULTS=@@CHARACTER_SET_RESULTS */;
# Time: 2022-10-22T06:20:55.140437Z
# User@Host: root[root] @ localhost []  Id:    11
# Query_time: 0.000039  Lock_time: 0.000000 Rows_sent: 0  Rows_examined: 0
SET timestamp=1666419655;
/*!40101 SET @OLD_COLLATION_CONNECTION=@@COLLATION_CONNECTION */;
# Time: 2022-10-22T06:20:55.140523Z
# User@Host: root[root] @ localhost []  Id:    11
# Query_time: 0.000046  Lock_time: 0.000000 Rows_sent: 0  Rows_examined: 0
SET timestamp=1666419655;
/*!50503 SET NAMES utf8mb4 */;
# Time: 2022-10-22T06:20:55.140670Z
# User@Host: root[root] @ localhost []  Id:    11
# Query_time: 0.000044  Lock_time: 0.000000 Rows_sent: 0  Rows_examined: 0
SET timestamp=1666419655;
/*!40103 SET @OLD_TIME_ZONE=@@TIME_ZONE */;
# Time: 2022-10-22T06:20:55.140776Z
# User@Host: root[root] @ localhost []  Id:    11
# Query_time: 0.000075  Lock_time: 0.000000 Rows_sent: 0  Rows_examined: 0
SET timestamp=1666419655;
/*!40103 SET TIME_ZONE='+00:00' */;
# Time: 2022-10-22T06:20:55.141036Z
# User@Host: root[root] @ localhost []  Id:    11
# Query_time: 0.000038  Lock_time: 0.000000 Rows_sent: 0  Rows_examined: 0
SET timestamp=1666419655;
/*!40014 SET @OLD_UNIQUE_CHECKS=@@UNIQUE_CHECKS, UNIQUE_CHECKS=0 */;
# Time: 2022-10-22T06:20:55.141184Z
# User@Host: root[root] @ localhost []  Id:    11
# Query_time: 0.000047  Lock_time: 0.000000 Rows_sent: 0  Rows_examined: 0
SET timestamp=1666419655;
/*!40014 SET @OLD_FOREIGN_KEY_CHECKS=@@FOREIGN_KEY_CHECKS, FOREIGN_KEY_CHECKS=0 */;
# Time: 2022-10-22T06:20:55.141323Z
# User@Host: root[root] @ localhost []  Id:    11
# Query_time: 0.000052  Lock_time: 0.000000 Rows_sent: 0  Rows_examined: 0
SET timestamp=1666419655;
/*!40101 SET @OLD_SQL_MODE=@@SQL_MODE, SQL_MODE='NO_AUTO_VALUE_ON_ZERO' */;
# Time: 2022-10-22T06:20:55.141416Z
# User@Host: root[root] @ localhost []  Id:    11
# Query_time: 0.000040  Lock_time: 0.000000 Rows_sent: 0  Rows_examined: 0
SET timestamp=1666419655;
/*!40111 SET @OLD_SQL_NOTES=@@SQL_NOTES, SQL_NOTES=0 */;
# Time: 2022-10-22T06:20:55.143446Z
# User@Host: root[root] @ localhost []  Id:    11
# Query_time: 0.001946  Lock_time: 0.000008 Rows_sent: 0  Rows_examined: 0
SET timestamp=1666419655;
DROP TABLE IF EXISTS `accounts`;
# Time: 2022-10-22T06:20:55.143556Z
# User@Host: root[root] @ localhost []  Id:    11
# Query_time: 0.000065  Lock_time: 0.000000 Rows_sent: 0  Rows_examined: 0
SET timestamp=1666419655;
/*!40101 SET @saved_cs_client     = @@character_set_client */;
# Time: 2022-10-22T06:20:55.143666Z
# User@Host: root[root] @ localhost []  Id:    11
# Query_time: 0.000052  Lock_time: 0.000000 Rows_sent: 0  Rows_examined: 0
SET timestamp=1666419655;
/*!50503 SET character_set_client = utf8mb4 */;
# Time: 2022-10-22T06:20:55.164578Z
# User@Host: root[root] @ localhost []  Id:    11
# Query_time: 0.020832  Lock_time: 0.000013 Rows_sent: 0  Rows_examined: 0
SET timestamp=1666419655;
CREATE TABLE `accounts` (
  `userID` int NOT NULL AUTO_INCREMENT,
  `LastName` varchar(255) NOT NULL,
  `FirstName` varchar(255) DEFAULT NULL,
  `password` varchar(255) DEFAULT NULL,
  PRIMARY KEY (`userID`)
) ENGINE=InnoDB AUTO_INCREMENT=5 DEFAULT CHARSET=utf8mb4 COLLATE=utf8mb4_0900_ai_ci;
# Time: 2022-10-22T06:20:55.164783Z
# User@Host: root[root] @ localhost []  Id:    11
# Query_time: 0.000088  Lock_time: 0.000000 Rows_sent: 0  Rows_examined: 0
SET timestamp=1666419655;
/*!40101 SET character_set_client = @saved_cs_client */;
# Time: 2022-10-22T06:20:55.174300Z
# User@Host: root[root] @ localhost []  Id:    11
# Query_time: 0.009400  Lock_time: 0.000005 Rows_sent: 0  Rows_examined: 0
SET timestamp=1666419655;
LOCK TABLES `accounts` WRITE;
# Time: 2022-10-22T06:20:55.181008Z
# User@Host: root[root] @ localhost []  Id:    11
# Query_time: 0.004153  Lock_time: 0.000000 Rows_sent: 0  Rows_examined: 0
SET timestamp=1666419655;
INSERT INTO `accounts` VALUES (1,'Yeo','Gaius','21bd12dc183f740ee76f27b78eb39c8ad972a757'),(2,'Potter','Lily','88ea39439e74fa27c09a4fc0bc8ebe6d00978392'),(3,'Tan','Mark','b1b3773a05c0ed0176787a4f1574ff0075f7521e'),(4,'Chan','Casey','345120426285ff8b1d43653a4d078170b4761f75');
# Time: 2022-10-22T06:20:55.183463Z
# User@Host: root[root] @ localhost []  Id:    11
# Query_time: 0.000920  Lock_time: 0.000000 Rows_sent: 0  Rows_examined: 0
SET timestamp=1666419655;
UNLOCK TABLES;
# Time: 2022-10-22T06:20:55.183621Z
# User@Host: root[root] @ localhost []  Id:    11
# Query_time: 0.000100  Lock_time: 0.000000 Rows_sent: 0  Rows_examined: 0
SET timestamp=1666419655;
/*!40103 SET TIME_ZONE=@OLD_TIME_ZONE */;
# Time: 2022-10-22T06:20:55.183692Z
# User@Host: root[root] @ localhost []  Id:    11
# Query_time: 0.000041  Lock_time: 0.000000 Rows_sent: 0  Rows_examined: 0
SET timestamp=1666419655;
/*!40101 SET SQL_MODE=@OLD_SQL_MODE */;
# Time: 2022-10-22T06:20:55.183755Z
# User@Host: root[root] @ localhost []  Id:    11
# Query_time: 0.000037  Lock_time: 0.000000 Rows_sent: 0  Rows_examined: 0
SET timestamp=1666419655;
/*!40014 SET FOREIGN_KEY_CHECKS=@OLD_FOREIGN_KEY_CHECKS */;
# Time: 2022-10-22T06:20:55.183816Z
# User@Host: root[root] @ localhost []  Id:    11
# Query_time: 0.000036  Lock_time: 0.000000 Rows_sent: 0  Rows_examined: 0
SET timestamp=1666419655;
/*!40014 SET UNIQUE_CHECKS=@OLD_UNIQUE_CHECKS */;
# Time: 2022-10-22T06:20:55.183935Z
# User@Host: root[root] @ localhost []  Id:    11
# Query_time: 0.000059  Lock_time: 0.000000 Rows_sent: 0  Rows_examined: 0
SET timestamp=1666419655;
/*!40101 SET CHARACTER_SET_CLIENT=@OLD_CHARACTER_SET_CLIENT */;
# Time: 2022-10-22T06:20:55.184005Z
# User@Host: root[root] @ localhost []  Id:    11
# Query_time: 0.000041  Lock_time: 0.000000 Rows_sent: 0  Rows_examined: 0
SET timestamp=1666419655;
/*!40101 SET CHARACTER_SET_RESULTS=@OLD_CHARACTER_SET_RESULTS */;
# Time: 2022-10-22T06:20:55.184076Z
# User@Host: root[root] @ localhost []  Id:    11
# Query_time: 0.000037  Lock_time: 0.000000 Rows_sent: 0  Rows_examined: 0
SET timestamp=1666419655;
/*!40101 SET COLLATION_CONNECTION=@OLD_COLLATION_CONNECTION */;
# Time: 2022-10-22T06:20:55.187920Z
# User@Host: root[root] @ localhost []  Id:    11
# Query_time: 0.003818  Lock_time: 0.000000 Rows_sent: 0  Rows_examined: 0
SET timestamp=1666419655;
/*!40111 SET SQL_NOTES=@OLD_SQL_NOTES */;
# Time: 2022-10-22T06:20:55.187976Z
# User@Host: root[root] @ localhost []  Id:    11
# Query_time: 0.000002  Lock_time: 0.000000 Rows_sent: 0  Rows_examined: 0
SET timestamp=1666419655;
# administrator command: Quit;
# Time: 2022-10-22T06:45:01.224363Z
# User@Host: root[root] @ localhost []  Id:    12
# Query_time: 0.162491  Lock_time: 0.000000 Rows_sent: 0  Rows_examined: 0
SET timestamp=1666421101;
/*!40100 SET @@SQL_MODE='' */;
# Time: 2022-10-22T06:45:01.243736Z
# User@Host: root[root] @ localhost []  Id:    12
# Query_time: 0.002184  Lock_time: 0.000000 Rows_sent: 0  Rows_examined: 0
SET timestamp=1666421101;
/*!40103 SET TIME_ZONE='+00:00' */;
# Time: 2022-10-22T06:45:01.244865Z
# User@Host: root[root] @ localhost []  Id:    12
# Query_time: 0.001053  Lock_time: 0.000000 Rows_sent: 0  Rows_examined: 0
SET timestamp=1666421101;
/*!80000 SET SESSION information_schema_stats_expiry=0 */;
# Time: 2022-10-22T06:45:01.244987Z
# User@Host: root[root] @ localhost []  Id:    12
# Query_time: 0.000057  Lock_time: 0.000000 Rows_sent: 0  Rows_examined: 0
SET timestamp=1666421101;
SET SESSION NET_READ_TIMEOUT= 86400, SESSION NET_WRITE_TIMEOUT= 86400;
# Time: 2022-10-22T06:45:01.704585Z
# User@Host: root[root] @ localhost []  Id:    12
# Query_time: 0.459206  Lock_time: 0.000013 Rows_sent: 1  Rows_examined: 1
SET timestamp=1666421101;
SHOW VARIABLES LIKE 'gtid\_mode';
# Time: 2022-10-22T06:45:01.819364Z
# User@Host: root[root] @ localhost []  Id:    12
# Query_time: 0.114653  Lock_time: 0.001341 Rows_sent: 0  Rows_examined: 16
SET timestamp=1666421101;
SELECT LOGFILE_GROUP_NAME, FILE_NAME, TOTAL_EXTENTS, INITIAL_SIZE, ENGINE, EXTRA FROM INFORMATION_SCHEMA.FILES WHERE ENGINE = 'ndbcluster' AND FILE_TYPE = 'UNDO LOG' AND FILE_NAME IS NOT NULL AND LOGFILE_GROUP_NAME IS NOT NULL AND LOGFILE_GROUP_NAME IN (SELECT DISTINCT LOGFILE_GROUP_NAME FROM INFORMATION_SCHEMA.FILES WHERE ENGINE = 'ndbcluster' AND FILE_TYPE = 'DATAFILE' AND TABLESPACE_NAME IN (SELECT DISTINCT TABLESPACE_NAME FROM INFORMATION_SCHEMA.PARTITIONS WHERE TABLE_SCHEMA IN ('users'))) GROUP BY LOGFILE_GROUP_NAME, FILE_NAME, ENGINE, TOTAL_EXTENTS, INITIAL_SIZE ORDER BY LOGFILE_GROUP_NAME;
# Time: 2022-10-22T06:45:01.820745Z
# User@Host: root[root] @ localhost []  Id:    12
# Query_time: 0.001229  Lock_time: 0.000003 Rows_sent: 0  Rows_examined: 3
SET timestamp=1666421101;
SELECT DISTINCT TABLESPACE_NAME, FILE_NAME, LOGFILE_GROUP_NAME, EXTENT_SIZE, INITIAL_SIZE, ENGINE FROM INFORMATION_SCHEMA.FILES WHERE FILE_TYPE = 'DATAFILE' AND TABLESPACE_NAME IN (SELECT DISTINCT TABLESPACE_NAME FROM INFORMATION_SCHEMA.PARTITIONS WHERE TABLE_SCHEMA IN ('users')) ORDER BY TABLESPACE_NAME, LOGFILE_GROUP_NAME;
# Time: 2022-10-22T06:45:01.822605Z
# User@Host: root[root] @ localhost []  Id:    12
# Query_time: 0.001698  Lock_time: 0.000001 Rows_sent: 0  Rows_examined: 0
SET timestamp=1666421101;
SHOW VARIABLES LIKE 'ndbinfo\_version';
# Time: 2022-10-22T06:45:01.822804Z
# User@Host: root[root] @ localhost []  Id:    12
# Query_time: 0.000047  Lock_time: 0.000000 Rows_sent: 0  Rows_examined: 0
SET timestamp=1666421101;
# administrator command: Init DB;
# Time: 2022-10-22T06:45:01.824967Z
# User@Host: root[root] @ localhost []  Id:    12
# Query_time: 0.002021  Lock_time: 0.000006 Rows_sent: 1  Rows_examined: 5
SET timestamp=1666421101;
show tables;
# Time: 2022-10-22T06:45:01.826824Z
# User@Host: root[root] @ localhost []  Id:    12
# Query_time: 0.001822  Lock_time: 0.000004 Rows_sent: 0  Rows_examined: 0
SET timestamp=1666421101;
LOCK TABLES `accounts` READ /*!32311 LOCAL */;
# Time: 2022-10-22T06:45:01.829372Z
# User@Host: root[root] @ localhost []  Id:    12
# Query_time: 0.002439  Lock_time: 0.000000 Rows_sent: 1  Rows_examined: 5
SET timestamp=1666421101;
show table status like 'accounts';
# Time: 2022-10-22T06:45:01.829622Z
# User@Host: root[root] @ localhost []  Id:    12
# Query_time: 0.000062  Lock_time: 0.000000 Rows_sent: 0  Rows_examined: 0
SET timestamp=1666421101;
SET SQL_QUOTE_SHOW_CREATE=1;
# Time: 2022-10-22T06:45:01.829824Z
# User@Host: root[root] @ localhost []  Id:    12
# Query_time: 0.000056  Lock_time: 0.000000 Rows_sent: 0  Rows_examined: 0
SET timestamp=1666421101;
SET SESSION character_set_results = 'binary';
# Time: 2022-10-22T06:45:01.830443Z
# User@Host: root[root] @ localhost []  Id:    12
# Query_time: 0.000509  Lock_time: 0.000001 Rows_sent: 0  Rows_examined: 0
SET timestamp=1666421101;
show create table `accounts`;
# Time: 2022-10-22T06:45:01.830632Z
# User@Host: root[root] @ localhost []  Id:    12
# Query_time: 0.000048  Lock_time: 0.000000 Rows_sent: 0  Rows_examined: 0
SET timestamp=1666421101;
SET SESSION character_set_results = 'utf8mb4';
# Time: 2022-10-22T06:45:01.832802Z
# User@Host: root[root] @ localhost []  Id:    12
# Query_time: 0.002046  Lock_time: 0.000003 Rows_sent: 4  Rows_examined: 21
SET timestamp=1666421101;
show fields from `accounts`;
# Time: 2022-10-22T06:45:01.833793Z
# User@Host: root[root] @ localhost []  Id:    12
# Query_time: 0.000725  Lock_time: 0.000000 Rows_sent: 4  Rows_examined: 21
SET timestamp=1666421101;
show fields from `accounts`;
# Time: 2022-10-22T06:45:01.834378Z
# User@Host: root[root] @ localhost []  Id:    12
# Query_time: 0.000399  Lock_time: 0.000000 Rows_sent: 4  Rows_examined: 4
SET timestamp=1666421101;
SELECT /*!40001 SQL_NO_CACHE */ * FROM `accounts`;
# Time: 2022-10-22T06:45:01.834600Z
# User@Host: root[root] @ localhost []  Id:    12
# Query_time: 0.000051  Lock_time: 0.000000 Rows_sent: 0  Rows_examined: 0
SET timestamp=1666421101;
SET SESSION character_set_results = 'binary';
# Time: 2022-10-22T06:45:01.834754Z
# User@Host: root[root] @ localhost []  Id:    12
# Query_time: 0.000044  Lock_time: 0.000000 Rows_sent: 0  Rows_examined: 0
SET timestamp=1666421101;
use `users`;
# Time: 2022-10-22T06:45:01.834962Z
# User@Host: root[root] @ localhost []  Id:    12
# Query_time: 0.000053  Lock_time: 0.000000 Rows_sent: 1  Rows_examined: 1
SET timestamp=1666421101;
select @@collation_database;
# Time: 2022-10-22T06:45:01.835908Z
# User@Host: root[root] @ localhost []  Id:    12
# Query_time: 0.000804  Lock_time: 0.000003 Rows_sent: 0  Rows_examined: 14
SET timestamp=1666421101;
SHOW TRIGGERS LIKE 'accounts';
# Time: 2022-10-22T06:45:01.836113Z
# User@Host: root[root] @ localhost []  Id:    12
# Query_time: 0.000053  Lock_time: 0.000000 Rows_sent: 0  Rows_examined: 0
SET timestamp=1666421101;
SET SESSION character_set_results = 'utf8mb4';
# Time: 2022-10-22T06:45:01.836298Z
# User@Host: root[root] @ localhost []  Id:    12
# Query_time: 0.000049  Lock_time: 0.000000 Rows_sent: 0  Rows_examined: 0
SET timestamp=1666421101;
SET SESSION character_set_results = 'binary';
# Time: 2022-10-22T06:45:01.837140Z
# User@Host: root[root] @ localhost []  Id:    12
# Query_time: 0.000695  Lock_time: 0.000002 Rows_sent: 0  Rows_examined: 0
SET timestamp=1666421101;
SELECT COLUMN_NAME,                       JSON_EXTRACT(HISTOGRAM, '$."number-of-buckets-specified"')                FROM information_schema.COLUMN_STATISTICS                WHERE SCHEMA_NAME = 'users' AND TABLE_NAME = 'accounts';
# Time: 2022-10-22T06:45:01.837214Z
# User@Host: root[root] @ localhost []  Id:    12
# Query_time: 0.000046  Lock_time: 0.000000 Rows_sent: 0  Rows_examined: 0
SET timestamp=1666421101;
SET SESSION character_set_results = 'utf8mb4';
# Time: 2022-10-22T06:45:01.837398Z
# User@Host: root[root] @ localhost []  Id:    12
# Query_time: 0.000043  Lock_time: 0.000000 Rows_sent: 0  Rows_examined: 0
SET timestamp=1666421101;
UNLOCK TABLES;
# Time: 2022-10-22T06:45:01.837569Z
# User@Host: root[root] @ localhost []  Id:    12
# Query_time: 0.000002  Lock_time: 0.000000 Rows_sent: 0  Rows_examined: 0
SET timestamp=1666421101;
# administrator command: Quit;
# Time: 2022-10-22T07:01:32.053412Z
# User@Host: root[root] @ localhost []  Id:    13
# Query_time: 0.046209  Lock_time: 0.000000 Rows_sent: 1  Rows_examined: 1
SET timestamp=1666422092;
select @@version_comment limit 1;
# Time: 2022-10-22T07:01:32.055690Z
# User@Host: root[root] @ localhost []  Id:    13
# Query_time: 0.000746  Lock_time: 0.000000 Rows_sent: 1  Rows_examined: 1
SET timestamp=1666422092;
SELECT DATABASE();
# Time: 2022-10-22T07:01:32.058020Z
# User@Host: root[root] @ localhost []  Id:    13
# Query_time: 0.002175  Lock_time: 0.000000 Rows_sent: 1  Rows_examined: 1
SET timestamp=1666422092;
# administrator command: Init DB;
# Time: 2022-10-22T07:01:32.106471Z
# User@Host: root[root] @ localhost []  Id:    13
# Query_time: 0.048041  Lock_time: 0.000301 Rows_sent: 0  Rows_examined: 1
SET timestamp=1666422092;
UPDATE accounts SET password = '1d475bc82c3be6f9c203076bb3bc1e9837122832' WHERE userID = '2';
# Time: 2022-10-22T07:01:32.106629Z
# User@Host: root[root] @ localhost []  Id:    13
# Query_time: 0.000003  Lock_time: 0.000000 Rows_sent: 0  Rows_examined: 1
SET timestamp=1666422092;
# administrator command: Quit;
# Time: 2022-10-22T07:01:32.128284Z
# User@Host: root[root] @ localhost []  Id:    14
# Query_time: 0.000094  Lock_time: 0.000000 Rows_sent: 1  Rows_examined: 1
SET timestamp=1666422092;
select @@version_comment limit 1;
# Time: 2022-10-22T07:01:32.128477Z
# User@Host: root[root] @ localhost []  Id:    14
# Query_time: 0.000035  Lock_time: 0.000000 Rows_sent: 1  Rows_examined: 1
SET timestamp=1666422092;
SELECT DATABASE();
# Time: 2022-10-22T07:01:32.128579Z
# User@Host: root[root] @ localhost []  Id:    14
# Query_time: 0.000043  Lock_time: 0.000000 Rows_sent: 1  Rows_examined: 1
SET timestamp=1666422092;
# administrator command: Init DB;
# Time: 2022-10-22T07:01:32.131251Z
# User@Host: root[root] @ localhost []  Id:    14
# Query_time: 0.002546  Lock_time: 0.000002 Rows_sent: 0  Rows_examined: 1
SET timestamp=1666422092;
UPDATE accounts SET LastName = 'Lee' WHERE userID = '3';
# Time: 2022-10-22T07:01:32.131511Z
# User@Host: root[root] @ localhost []  Id:    14
# Query_time: 0.000002  Lock_time: 0.000000 Rows_sent: 0  Rows_examined: 1
SET timestamp=1666422092;
# administrator command: Quit;
# Time: 2022-10-22T07:01:32.146764Z
# User@Host: root[root] @ localhost []  Id:    15
# Query_time: 0.000094  Lock_time: 0.000000 Rows_sent: 1  Rows_examined: 1
SET timestamp=1666422092;
select @@version_comment limit 1;
# Time: 2022-10-22T07:01:32.146980Z
# User@Host: root[root] @ localhost []  Id:    15
# Query_time: 0.000090  Lock_time: 0.000000 Rows_sent: 1  Rows_examined: 1
SET timestamp=1666422092;
SELECT DATABASE();
# Time: 2022-10-22T07:01:32.147086Z
# User@Host: root[root] @ localhost []  Id:    15
# Query_time: 0.000051  Lock_time: 0.000000 Rows_sent: 1  Rows_examined: 1
SET timestamp=1666422092;
# administrator command: Init DB;
# Time: 2022-10-22T07:01:32.149619Z
# User@Host: root[root] @ localhost []  Id:    15
# Query_time: 0.002469  Lock_time: 0.000002 Rows_sent: 0  Rows_examined: 0
SET timestamp=1666422092;
INSERT INTO accounts VALUES ('5','Mike','Hawk','3ba86641d9a2a3b14747f0fff20383a8bb6933c8'), ('6','Hugh','Mungus','c489b53e99dcf1cb1427cc077dbc090944c1e6e6');
# Time: 2022-10-22T07:01:32.149685Z
# User@Host: root[root] @ localhost []  Id:    15
# Query_time: 0.000001  Lock_time: 0.000000 Rows_sent: 0  Rows_examined: 0
SET timestamp=1666422092;
# administrator command: Quit;
/usr/sbin/mysqld, Version: 8.0.30-0ubuntu0.22.04.1 ((Ubuntu)). started with:
Tcp port: 3306  Unix socket: /var/run/mysqld/mysqld.sock
Time                 Id Command    Argument
# Time: 2022-10-25T06:49:32.688257Z
# User@Host: debian-sys-maint[debian-sys-maint] @ localhost []  Id:     8
# Query_time: 0.000009  Lock_time: 0.000000 Rows_sent: 0  Rows_examined: 0
SET timestamp=1666680572;
# administrator command: Ping;
# Time: 2022-10-25T06:49:32.688354Z
# User@Host: debian-sys-maint[debian-sys-maint] @ localhost []  Id:     8
# Query_time: 0.000001  Lock_time: 0.000000 Rows_sent: 0  Rows_examined: 0
SET timestamp=1666680572;
# administrator command: Quit;
# Time: 2022-10-25T06:49:32.712068Z
# User@Host: debian-sys-maint[debian-sys-maint] @ localhost []  Id:     9
# Query_time: 0.000019  Lock_time: 0.000000 Rows_sent: 0  Rows_examined: 0
SET timestamp=1666680572;
# administrator command: Ping;
# Time: 2022-10-25T06:49:32.712126Z
# User@Host: debian-sys-maint[debian-sys-maint] @ localhost []  Id:     9
# Query_time: 0.000002  Lock_time: 0.000000 Rows_sent: 0  Rows_examined: 0
SET timestamp=1666680572;
# administrator command: Quit;
